Performing C++ SOURCE FILE Test HAVE_CXX_FLAG_WSHORTEN_64_TO_32 failed with the following output:
Change Dir: /home/eric070021/openfhe-developmentv1.0.4/build_release/CMakeFiles/CMakeTmp

Run Build Command(s):/usr/bin/gmake -f Makefile cmTC_1e7f5/fast && gmake[1]: Entering directory '/home/eric070021/openfhe-developmentv1.0.4/build_release/CMakeFiles/CMakeTmp'
/usr/bin/gmake  -f CMakeFiles/cmTC_1e7f5.dir/build.make CMakeFiles/cmTC_1e7f5.dir/build
gmake[2]: Entering directory '/home/eric070021/openfhe-developmentv1.0.4/build_release/CMakeFiles/CMakeTmp'
Building CXX object CMakeFiles/cmTC_1e7f5.dir/src.cxx.o
/usr/bin/c++ -DHAVE_CXX_FLAG_WSHORTEN_64_TO_32  -Wall -Werror -O3  -DOPENFHE_VERSION=1.0.4 -Wno-parentheses -DMATHBACKEND=4 -fopenmp  -std=c++11  -Wall  -Wextra  -Wshadow  -Wsuggest-override  -pedantic  -pedantic-errors  -Wshorten-64-to-32   -Wshorten-64-to-32 -o CMakeFiles/cmTC_1e7f5.dir/src.cxx.o -c /home/eric070021/openfhe-developmentv1.0.4/build_release/CMakeFiles/CMakeTmp/src.cxx
c++: error: unrecognized command-line option '-Wshorten-64-to-32'
c++: error: unrecognized command-line option '-Wshorten-64-to-32'
gmake[2]: *** [CMakeFiles/cmTC_1e7f5.dir/build.make:78: CMakeFiles/cmTC_1e7f5.dir/src.cxx.o] Error 1
gmake[2]: Leaving directory '/home/eric070021/openfhe-developmentv1.0.4/build_release/CMakeFiles/CMakeTmp'
gmake[1]: *** [Makefile:127: cmTC_1e7f5/fast] Error 2
gmake[1]: Leaving directory '/home/eric070021/openfhe-developmentv1.0.4/build_release/CMakeFiles/CMakeTmp'


Source file was:
int main() { return 0; }
Performing C++ SOURCE FILE Test HAVE_CXX_FLAG_WD654 failed with the following output:
Change Dir: /home/eric070021/openfhe-developmentv1.0.4/build_release/CMakeFiles/CMakeTmp

Run Build Command(s):/usr/bin/gmake -f Makefile cmTC_96fe0/fast && gmake[1]: Entering directory '/home/eric070021/openfhe-developmentv1.0.4/build_release/CMakeFiles/CMakeTmp'
/usr/bin/gmake  -f CMakeFiles/cmTC_96fe0.dir/build.make CMakeFiles/cmTC_96fe0.dir/build
gmake[2]: Entering directory '/home/eric070021/openfhe-developmentv1.0.4/build_release/CMakeFiles/CMakeTmp'
Building CXX object CMakeFiles/cmTC_96fe0.dir/src.cxx.o
/usr/bin/c++ -DHAVE_CXX_FLAG_WD654  -Wall -Werror -O3  -DOPENFHE_VERSION=1.0.4 -Wno-parentheses -DMATHBACKEND=4 -fopenmp  -std=c++11  -Wall  -Wextra  -Wshadow  -Wsuggest-override  -pedantic  -pedantic-errors  -fstrict-aliasing  -Wno-deprecated-declarations  -Wstrict-aliasing  -wd654   -wd654 -o CMakeFiles/cmTC_96fe0.dir/src.cxx.o -c /home/eric070021/openfhe-developmentv1.0.4/build_release/CMakeFiles/CMakeTmp/src.cxx
c++: error: unrecognized command-line option '-wd654'
c++: error: unrecognized command-line option '-wd654'
gmake[2]: *** [CMakeFiles/cmTC_96fe0.dir/build.make:78: CMakeFiles/cmTC_96fe0.dir/src.cxx.o] Error 1
gmake[2]: Leaving directory '/home/eric070021/openfhe-developmentv1.0.4/build_release/CMakeFiles/CMakeTmp'
gmake[1]: *** [Makefile:127: cmTC_96fe0/fast] Error 2
gmake[1]: Leaving directory '/home/eric070021/openfhe-developmentv1.0.4/build_release/CMakeFiles/CMakeTmp'


Source file was:
int main() { return 0; }
Performing C++ SOURCE FILE Test HAVE_CXX_FLAG_WTHREAD_SAFETY failed with the following output:
Change Dir: /home/eric070021/openfhe-developmentv1.0.4/build_release/CMakeFiles/CMakeTmp

Run Build Command(s):/usr/bin/gmake -f Makefile cmTC_7be20/fast && gmake[1]: Entering directory '/home/eric070021/openfhe-developmentv1.0.4/build_release/CMakeFiles/CMakeTmp'
/usr/bin/gmake  -f CMakeFiles/cmTC_7be20.dir/build.make CMakeFiles/cmTC_7be20.dir/build
gmake[2]: Entering directory '/home/eric070021/openfhe-developmentv1.0.4/build_release/CMakeFiles/CMakeTmp'
Building CXX object CMakeFiles/cmTC_7be20.dir/src.cxx.o
/usr/bin/c++ -DHAVE_CXX_FLAG_WTHREAD_SAFETY  -Wall -Werror -O3  -DOPENFHE_VERSION=1.0.4 -Wno-parentheses -DMATHBACKEND=4 -fopenmp  -std=c++11  -Wall  -Wextra  -Wshadow  -Wsuggest-override  -pedantic  -pedantic-errors  -fstrict-aliasing  -Wno-deprecated-declarations  -Wstrict-aliasing  -Wthread-safety   -Wthread-safety -o CMakeFiles/cmTC_7be20.dir/src.cxx.o -c /home/eric070021/openfhe-developmentv1.0.4/build_release/CMakeFiles/CMakeTmp/src.cxx
c++: error: unrecognized command-line option '-Wthread-safety'
c++: error: unrecognized command-line option '-Wthread-safety'
gmake[2]: *** [CMakeFiles/cmTC_7be20.dir/build.make:78: CMakeFiles/cmTC_7be20.dir/src.cxx.o] Error 1
gmake[2]: Leaving directory '/home/eric070021/openfhe-developmentv1.0.4/build_release/CMakeFiles/CMakeTmp'
gmake[1]: *** [Makefile:127: cmTC_7be20/fast] Error 2
gmake[1]: Leaving directory '/home/eric070021/openfhe-developmentv1.0.4/build_release/CMakeFiles/CMakeTmp'


Source file was:
int main() { return 0; }
